<?xml version="1.0" encoding="UTF-8"?>
<!-- Generated by org.testng.reporters.JUnitXMLReporter -->
<testsuite ignored="0" hostname="Winchesters-MacBook-Air.local" failures="0" tests="1" name="Test2" time="0.004" errors="0" timestamp="2025-06-05T22:12:13 IST">
  <testcase classname="testCases.Baseclass" name="@BeforeClass browserSetup" time="0.001">
    <failure type="java.lang.NullPointerException" message="Cannot invoke &amp;quot;org.openqa.selenium.WebDriver.manage()&amp;quot; because &amp;quot;this.driver&amp;quot; is null">
      <![CDATA[java.lang.NullPointerException: Cannot invoke "org.openqa.selenium.WebDriver.manage()" because "this.driver" is null
at testCases.Baseclass.browserSetup(Baseclass.java:34)
at java.base/java.util.ArrayList.forEach(ArrayList.java:1511)
... Removed 25 stack frames]]>
    </failure>
  </testcase> <!-- @BeforeClass browserSetup -->
  <testcase classname="testCases.Baseclass" name="@AfterClass quit" time="-1.749141733001E9">
    <skipped/>
  </testcase> <!-- @AfterClass quit -->
  <testcase classname="testCases.TC_01_Account_registration" name="validation" time="0.0">
    <skipped/>
  </testcase> <!-- validation -->
</testsuite> <!-- Test2 -->
